<mule xmlns="http://www.mulesoft.org/schema/mule/core"
      xmlns:xsi="http://www.w3.org/2001/XMLSchema-instance"
      xmlns:currencyconversion-custom="http://www.mulesoft.org/schema/mule/currencyconversion-custom"
      xsi:schemaLocation="http://www.mulesoft.org/schema/mule/core http://www.mulesoft.org/schema/mule/core/current/mule.xsd
          http://www.mulesoft.org/schema/mule/currencyconversion-custom http://www.mulesoft.org/schema/mule/currencyconversion-custom/current/mule-currencyconversion-custom.xsd">

    <currencyconversion-custom:config name="config" configId="configId">
        <currencyconversion-custom:connection requiredParameter="aValue" />
    </currencyconversion-custom:config>

    <flow name="sayHiFlow">
        <currencyconversion-custom:say-hi person="Mariano Gonzalez"/>
    </flow>

    <flow name="retrieveInfoFlow">
        <currencyconversion-custom:retrieve-info config-ref="config"/>
    </flow>

</mule>
